[0m17:44:56.543184 [debug] [MainThread]: Sending event: {'category': 'dbt', 'action': 'invocation', 'label': 'start', 'context': [<snowplow_tracker.self_describing_json.SelfDescribingJson object at 0x000001E9C9429CD0>, <snowplow_tracker.self_describing_json.SelfDescribingJson object at 0x000001E9CCB5F920>, <snowplow_tracker.self_describing_json.SelfDescribingJson object at 0x000001E9C9484290>]}


============================== 17:44:56.567317 | 78e2977e-0c6e-4a21-b869-0ffc3923c006 ==============================
[0m17:44:56.567317 [info ] [MainThread]: Running with dbt=1.9.3
[0m17:44:56.569330 [debug] [MainThread]: running dbt with arguments {'printer_width': '80', 'indirect_selection': 'eager', 'log_cache_events': 'False', 'write_json': 'True', 'partial_parse': 'True', 'cache_selected_only': 'False', 'profiles_dir': 'C:\\Users\\hamin\\.dbt', 'debug': 'False', 'fail_fast': 'False', 'log_path': 'logs', 'version_check': 'True', 'warn_error': 'None', 'use_colors': 'True', 'use_experimental_parser': 'False', 'empty': 'None', 'quiet': 'False', 'no_print': 'None', 'log_format': 'default', 'introspect': 'True', 'static_parser': 'True', 'warn_error_options': 'WarnErrorOptions(include=[], exclude=[])', 'target_path': 'None', 'invocation_command': 'dbt init', 'send_anonymous_usage_stats': 'True'}
[0m17:45:10.084426 [debug] [MainThread]: Starter project path: C:\Users\hamin\Desktop\dbt-Refactoring-SQL\.venv\Lib\site-packages\dbt\include\starter_project
[0m17:45:10.142466 [info ] [MainThread]: 
Your new dbt project "refactoring" was created!

For more information on how to configure the profiles.yml file,
please consult the dbt documentation here:

  https://docs.getdbt.com/docs/configure-your-profile

One more thing:

Need help? Don't hesitate to reach out to us via GitHub issues or on Slack:

  https://community.getdbt.com/

Happy modeling!

[0m17:45:10.142466 [info ] [MainThread]: Setting up your profile.
[0m17:48:55.585976 [info ] [MainThread]: Profile refactoring written to C:\Users\hamin\.dbt\profiles.yml using target's profile_template.yml and your supplied values. Run 'dbt debug' to validate the connection.
[0m17:48:55.594343 [debug] [MainThread]: Command `dbt init` succeeded at 17:48:55.594343 after 239.56 seconds
[0m17:48:55.596356 [debug] [MainThread]: Sending event: {'category': 'dbt', 'action': 'invocation', 'label': 'end', 'context': [<snowplow_tracker.self_describing_json.SelfDescribingJson object at 0x000001E9CE3C3860>, <snowplow_tracker.self_describing_json.SelfDescribingJson object at 0x000001E9CE829FA0>, <snowplow_tracker.self_describing_json.SelfDescribingJson object at 0x000001E9CE8295E0>]}
[0m17:48:55.596356 [debug] [MainThread]: Flushing usage events
[0m17:48:56.002753 [debug] [MainThread]: An error was encountered while trying to flush usage events
[0m17:49:15.203310 [debug] [MainThread]: Sending event: {'category': 'dbt', 'action': 'invocation', 'label': 'start', 'context': [<snowplow_tracker.self_describing_json.SelfDescribingJson object at 0x000002154A842420>, <snowplow_tracker.self_describing_json.SelfDescribingJson object at 0x000002154E8E7A40>, <snowplow_tracker.self_describing_json.SelfDescribingJson object at 0x000002154E223620>]}


============================== 17:49:15.211746 | 95d96e10-e4a2-4aca-9dc8-6107950ca9e4 ==============================
[0m17:49:15.211746 [info ] [MainThread]: Running with dbt=1.9.3
[0m17:49:15.211746 [debug] [MainThread]: running dbt with arguments {'printer_width': '80', 'indirect_selection': 'eager', 'write_json': 'True', 'log_cache_events': 'False', 'partial_parse': 'True', 'cache_selected_only': 'False', 'warn_error': 'None', 'fail_fast': 'False', 'version_check': 'True', 'log_path': 'logs', 'profiles_dir': 'C:\\Users\\hamin\\.dbt', 'debug': 'False', 'use_colors': 'True', 'use_experimental_parser': 'False', 'empty': 'None', 'quiet': 'False', 'no_print': 'None', 'log_format': 'default', 'static_parser': 'True', 'warn_error_options': 'WarnErrorOptions(include=[], exclude=[])', 'introspect': 'True', 'target_path': 'None', 'invocation_command': 'dbt debug', 'send_anonymous_usage_stats': 'True'}
[0m17:49:15.278446 [info ] [MainThread]: dbt version: 1.9.3
[0m17:49:15.279311 [info ] [MainThread]: python version: 3.12.9
[0m17:49:15.279311 [info ] [MainThread]: python path: C:\Users\hamin\Desktop\dbt-Refactoring-SQL\.venv\Scripts\python.exe
[0m17:49:15.281544 [info ] [MainThread]: os info: Windows-11-10.0.26100-SP0
[0m17:49:15.289517 [info ] [MainThread]: Error importing adapter: No module named 'dbt.adapters.postgres'
[0m17:49:15.725722 [info ] [MainThread]: Using profiles dir at C:\Users\hamin\.dbt
[0m17:49:15.728142 [info ] [MainThread]: Using profiles.yml file at C:\Users\hamin\.dbt\profiles.yml
[0m17:49:15.728142 [info ] [MainThread]: Using dbt_project.yml file at C:\Users\hamin\Desktop\dbt-Refactoring-SQL\dbt_project.yml
[0m17:49:15.729886 [info ] [MainThread]: Configuration:
[0m17:49:15.730701 [info ] [MainThread]:   profiles.yml file [[31mERROR invalid[0m]
[0m17:49:15.730701 [info ] [MainThread]:   dbt_project.yml file [[31mERROR not found[0m]
[0m17:49:15.730701 [info ] [MainThread]: Required dependencies:
[0m17:49:15.732728 [debug] [MainThread]: Executing "git --help"
[0m17:49:15.794538 [debug] [MainThread]: STDOUT: "b"usage: git [-v | --version] [-h | --help] [-C <path>] [-c <name>=<value>]\n           [--exec-path[=<path>]] [--html-path] [--man-path] [--info-path]\n           [-p | --paginate | -P | --no-pager] [--no-replace-objects] [--bare]\n           [--git-dir=<path>] [--work-tree=<path>] [--namespace=<name>]\n           [--config-env=<name>=<envvar>] <command> [<args>]\n\nThese are common Git commands used in various situations:\n\nstart a working area (see also: git help tutorial)\n   clone     Clone a repository into a new directory\n   init      Create an empty Git repository or reinitialize an existing one\n\nwork on the current change (see also: git help everyday)\n   add       Add file contents to the index\n   mv        Move or rename a file, a directory, or a symlink\n   restore   Restore working tree files\n   rm        Remove files from the working tree and from the index\n\nexamine the history and state (see also: git help revisions)\n   bisect    Use binary search to find the commit that introduced a bug\n   diff      Show changes between commits, commit and working tree, etc\n   grep      Print lines matching a pattern\n   log       Show commit logs\n   show      Show various types of objects\n   status    Show the working tree status\n\ngrow, mark and tweak your common history\n   branch    List, create, or delete branches\n   commit    Record changes to the repository\n   merge     Join two or more development histories together\n   rebase    Reapply commits on top of another base tip\n   reset     Reset current HEAD to the specified state\n   switch    Switch branches\n   tag       Create, list, delete or verify a tag object signed with GPG\n\ncollaborate (see also: git help workflows)\n   fetch     Download objects and refs from another repository\n   pull      Fetch from and integrate with another repository or a local branch\n   push      Update remote refs along with associated objects\n\n'git help -a' and 'git help -g' list available subcommands and some\nconcept guides. See 'git help <command>' or 'git help <concept>'\nto read about a specific subcommand or concept.\nSee 'git help git' for an overview of the system.\n""
[0m17:49:15.794538 [debug] [MainThread]: STDERR: "b''"
[0m17:49:15.794538 [info ] [MainThread]:  - git [[32mOK found[0m]

[0m17:49:15.794538 [info ] [MainThread]: Connection test skipped since no profile was found
[0m17:49:15.794538 [info ] [MainThread]: [31m2 checks failed:[0m
[0m17:49:15.794538 [info ] [MainThread]: Could not load dbt_project.yml
Profile loading failed for the following reason:
Runtime Error
  Credentials in profile "custom_postgres", target "dev" invalid: Runtime Error
    Could not find adapter type postgres!


[0m17:49:15.794538 [info ] [MainThread]: Project loading failed for the following reason:
 project path <C:\Users\hamin\Desktop\dbt-Refactoring-SQL\dbt_project.yml> not found

[0m17:49:15.801864 [debug] [MainThread]: Command `dbt debug` failed at 17:49:15.801864 after 0.88 seconds
[0m17:49:15.801864 [debug] [MainThread]: Sending event: {'category': 'dbt', 'action': 'invocation', 'label': 'end', 'context': [<snowplow_tracker.self_describing_json.SelfDescribingJson object at 0x000002154E914CB0>, <snowplow_tracker.self_describing_json.SelfDescribingJson object at 0x000002154E9177A0>, <snowplow_tracker.self_describing_json.SelfDescribingJson object at 0x000002154E95AF30>]}
[0m17:49:15.801864 [debug] [MainThread]: Flushing usage events
[0m17:49:16.090430 [debug] [MainThread]: An error was encountered while trying to flush usage events
